<?xml version="1.0" encoding="UTF-8"?>
<!-- Generated by org.testng.reporters.JUnitXMLReporter -->
<testsuite ignored="0" hostname="skal" failures="1" tests="1" name="ChromeTest" time="2.136" errors="0" timestamp="22 Mar 2024 11:24:17 GMT">
  <testcase classname="com.moodleBrowser.MoodleCompatibility" name="browserLaunch" time="1.814">
    <failure type="java.lang.AssertionError" message="expected [Dashboard | moddle] but found [Log in to the site | moddle]">
      <![CDATA[java.lang.AssertionError: expected [Dashboard | moddle] but found [Log in to the site | moddle]
at com.moodleBrowser.MoodleCompatibility.browserLaunch(MoodleCompatibility.java:66)
... Removed 31 stack frames]]>
    </failure>
  </testcase> <!-- browserLaunch -->
</testsuite> <!-- ChromeTest -->
