<?xml version="1.0" encoding="UTF-8"?>
<testng-results ignored="0" total="3" passed="0" failed="3" skipped="0">
  <reporter-output>
  </reporter-output>
  <suite started-at="2024-03-22T11:24:15Z" name="Suite" finished-at="2024-03-22T11:24:23Z" duration-ms="7644">
    <groups>
    </groups>
    <test started-at="2024-03-22T11:24:15Z" name="ChromeTest" finished-at="2024-03-22T11:24:17Z" duration-ms="2136">
      <class name="com.moodleBrowser.MoodleCompatibility">
        <test-method signature="browserLaunch(java.lang.String, java.lang.String, java.lang.String)[pri:0, instance:com.moodleBrowser.MoodleCompatibility@d771cc9]" started-at="2024-03-22T11:24:15Z" name="browserLaunch" finished-at="2024-03-22T11:24:17Z" duration-ms="1814" status="FAIL">
          <params>
            <param index="0">
              <value>
                <![CDATA[dummy1]]>
              </value>
            </param>
            <param index="1">
              <value>
                <![CDATA[Dummy@900]]>
              </value>
            </param>
            <param index="2">
              <value>
                <![CDATA[chrome]]>
              </value>
            </param>
          </params>
          <exception class="java.lang.AssertionError">
            <message>
              <![CDATA[expected [Dashboard | moddle] but found [Log in to the site | moddle]]]>
            </message>
            <full-stacktrace>
              <![CDATA[java.lang.AssertionError: expected [Dashboard | moddle] but found [Log in to the site | moddle]
at org.testng.Assert.fail(Assert.java:96)
at org.testng.Assert.failNotEquals(Assert.java:776)
at org.testng.Assert.assertEqualsImpl(Assert.java:137)
at org.testng.Assert.assertEquals(Assert.java:118)
at org.testng.Assert.assertEquals(Assert.java:453)
at org.testng.Assert.assertEquals(Assert.java:463)
at com.moodleBrowser.MoodleCompatibility.browserLaunch(MoodleCompatibility.java:66)
at java.base/jdk.internal.reflect.NativeMethodAccessorImpl.invoke0(Native Method)
at java.base/jdk.internal.reflect.NativeMethodAccessorImpl.invoke(NativeMethodAccessorImpl.java:77)
at java.base/jdk.internal.reflect.DelegatingMethodAccessorImpl.invoke(DelegatingMethodAccessorImpl.java:43)
at java.base/java.lang.reflect.Method.invoke(Method.java:568)
at org.testng.internal.MethodInvocationHelper.invokeMethod(MethodInvocationHelper.java:124)
at org.testng.internal.Invoker.invokeMethod(Invoker.java:580)
at org.testng.internal.Invoker.invokeTestMethod(Invoker.java:716)
at org.testng.internal.Invoker.invokeTestMethods(Invoker.java:988)
at org.testng.internal.TestMethodWorker.invokeTestMethods(TestMethodWorker.java:125)
at org.testng.internal.TestMethodWorker.run(TestMethodWorker.java:109)
at org.testng.TestRunner.privateRun(TestRunner.java:648)
at org.testng.TestRunner.run(TestRunner.java:505)
at org.testng.SuiteRunner.runTest(SuiteRunner.java:455)
at org.testng.SuiteRunner.runSequentially(SuiteRunner.java:450)
at org.testng.SuiteRunner.privateRun(SuiteRunner.java:415)
at org.testng.SuiteRunner.run(SuiteRunner.java:364)
at org.testng.SuiteRunnerWorker.runSuite(SuiteRunnerWorker.java:52)
at org.testng.SuiteRunnerWorker.run(SuiteRunnerWorker.java:84)
at org.testng.TestNG.runSuitesSequentially(TestNG.java:1208)
at org.testng.TestNG.runSuitesLocally(TestNG.java:1137)
at org.testng.TestNG.runSuites(TestNG.java:1049)
at org.testng.TestNG.run(TestNG.java:1017)
at org.testng.remote.AbstractRemoteTestNG.run(AbstractRemoteTestNG.java:115)
at org.testng.remote.RemoteTestNG.initAndRun(RemoteTestNG.java:251)
at org.testng.remote.RemoteTestNG.main(RemoteTestNG.java:77)
]]>
            </full-stacktrace>
          </exception> <!-- java.lang.AssertionError -->
          <reporter-output>
          </reporter-output>
        </test-method> <!-- browserLaunch -->
        <test-method is-config="true" signature="snapShort()[pri:0, instance:com.moodleBrowser.MoodleCompatibility@d771cc9]" started-at="2024-03-22T11:24:17Z" name="snapShort" finished-at="2024-03-22T11:24:17Z" duration-ms="242" status="PASS">
          <reporter-output>
          </reporter-output>
        </test-method> <!-- snapShort -->
        <test-method is-config="true" signature="close()[pri:0, instance:com.moodleBrowser.MoodleCompatibility@d771cc9]" started-at="2024-03-22T11:24:17Z" name="close" finished-at="2024-03-22T11:24:17Z" duration-ms="67" status="PASS">
          <reporter-output>
          </reporter-output>
        </test-method> <!-- close -->
      </class> <!-- com.moodleBrowser.MoodleCompatibility -->
    </test> <!-- ChromeTest -->
    <test started-at="2024-03-22T11:24:17Z" name="foxTest" finished-at="2024-03-22T11:24:21Z" duration-ms="3699">
      <class name="com.moodleBrowser.MoodleCompatibility">
        <test-method signature="browserLaunch(java.lang.String, java.lang.String, java.lang.String)[pri:0, instance:com.moodleBrowser.MoodleCompatibility@59a008ba]" started-at="2024-03-22T11:24:17Z" name="browserLaunch" finished-at="2024-03-22T11:24:19Z" duration-ms="2069" status="FAIL">
          <params>
            <param index="0">
              <value>
                <![CDATA[dummy1]]>
              </value>
            </param>
            <param index="1">
              <value>
                <![CDATA[Dummy@900]]>
              </value>
            </param>
            <param index="2">
              <value>
                <![CDATA[firefox]]>
              </value>
            </param>
          </params>
          <exception class="java.lang.AssertionError">
            <message>
              <![CDATA[expected [Dashboard | moddle] but found [Log in to the site | moddle]]]>
            </message>
            <full-stacktrace>
              <![CDATA[java.lang.AssertionError: expected [Dashboard | moddle] but found [Log in to the site | moddle]
at org.testng.Assert.fail(Assert.java:96)
at org.testng.Assert.failNotEquals(Assert.java:776)
at org.testng.Assert.assertEqualsImpl(Assert.java:137)
at org.testng.Assert.assertEquals(Assert.java:118)
at org.testng.Assert.assertEquals(Assert.java:453)
at org.testng.Assert.assertEquals(Assert.java:463)
at com.moodleBrowser.MoodleCompatibility.browserLaunch(MoodleCompatibility.java:66)
at java.base/jdk.internal.reflect.NativeMethodAccessorImpl.invoke0(Native Method)
at java.base/jdk.internal.reflect.NativeMethodAccessorImpl.invoke(NativeMethodAccessorImpl.java:77)
at java.base/jdk.internal.reflect.DelegatingMethodAccessorImpl.invoke(DelegatingMethodAccessorImpl.java:43)
at java.base/java.lang.reflect.Method.invoke(Method.java:568)
at org.testng.internal.MethodInvocationHelper.invokeMethod(MethodInvocationHelper.java:124)
at org.testng.internal.Invoker.invokeMethod(Invoker.java:580)
at org.testng.internal.Invoker.invokeTestMethod(Invoker.java:716)
at org.testng.internal.Invoker.invokeTestMethods(Invoker.java:988)
at org.testng.internal.TestMethodWorker.invokeTestMethods(TestMethodWorker.java:125)
at org.testng.internal.TestMethodWorker.run(TestMethodWorker.java:109)
at org.testng.TestRunner.privateRun(TestRunner.java:648)
at org.testng.TestRunner.run(TestRunner.java:505)
at org.testng.SuiteRunner.runTest(SuiteRunner.java:455)
at org.testng.SuiteRunner.runSequentially(SuiteRunner.java:450)
at org.testng.SuiteRunner.privateRun(SuiteRunner.java:415)
at org.testng.SuiteRunner.run(SuiteRunner.java:364)
at org.testng.SuiteRunnerWorker.runSuite(SuiteRunnerWorker.java:52)
at org.testng.SuiteRunnerWorker.run(SuiteRunnerWorker.java:84)
at org.testng.TestNG.runSuitesSequentially(TestNG.java:1208)
at org.testng.TestNG.runSuitesLocally(TestNG.java:1137)
at org.testng.TestNG.runSuites(TestNG.java:1049)
at org.testng.TestNG.run(TestNG.java:1017)
at org.testng.remote.AbstractRemoteTestNG.run(AbstractRemoteTestNG.java:115)
at org.testng.remote.RemoteTestNG.initAndRun(RemoteTestNG.java:251)
at org.testng.remote.RemoteTestNG.main(RemoteTestNG.java:77)
]]>
            </full-stacktrace>
          </exception> <!-- java.lang.AssertionError -->
          <reporter-output>
          </reporter-output>
        </test-method> <!-- browserLaunch -->
        <test-method is-config="true" signature="snapShort()[pri:0, instance:com.moodleBrowser.MoodleCompatibility@59a008ba]" started-at="2024-03-22T11:24:19Z" name="snapShort" finished-at="2024-03-22T11:24:19Z" duration-ms="56" status="PASS">
          <reporter-output>
          </reporter-output>
        </test-method> <!-- snapShort -->
        <test-method is-config="true" signature="close()[pri:0, instance:com.moodleBrowser.MoodleCompatibility@59a008ba]" started-at="2024-03-22T11:24:19Z" name="close" finished-at="2024-03-22T11:24:21Z" duration-ms="1572" status="PASS">
          <reporter-output>
          </reporter-output>
        </test-method> <!-- close -->
      </class> <!-- com.moodleBrowser.MoodleCompatibility -->
    </test> <!-- foxTest -->
    <test started-at="2024-03-22T11:24:21Z" name="edgeTest" finished-at="2024-03-22T11:24:23Z" duration-ms="1796">
      <class name="com.moodleBrowser.MoodleCompatibility">
        <test-method signature="browserLaunch(java.lang.String, java.lang.String, java.lang.String)[pri:0, instance:com.moodleBrowser.MoodleCompatibility@b4711e2]" started-at="2024-03-22T11:24:21Z" name="browserLaunch" finished-at="2024-03-22T11:24:22Z" duration-ms="1417" status="FAIL">
          <params>
            <param index="0">
              <value>
                <![CDATA[dummy1]]>
              </value>
            </param>
            <param index="1">
              <value>
                <![CDATA[Dummy@900]]>
              </value>
            </param>
            <param index="2">
              <value>
                <![CDATA[edge]]>
              </value>
            </param>
          </params>
          <exception class="java.lang.AssertionError">
            <message>
              <![CDATA[expected [Dashboard | moddle] but found [Log in to the site | moddle]]]>
            </message>
            <full-stacktrace>
              <![CDATA[java.lang.AssertionError: expected [Dashboard | moddle] but found [Log in to the site | moddle]
at org.testng.Assert.fail(Assert.java:96)
at org.testng.Assert.failNotEquals(Assert.java:776)
at org.testng.Assert.assertEqualsImpl(Assert.java:137)
at org.testng.Assert.assertEquals(Assert.java:118)
at org.testng.Assert.assertEquals(Assert.java:453)
at org.testng.Assert.assertEquals(Assert.java:463)
at com.moodleBrowser.MoodleCompatibility.browserLaunch(MoodleCompatibility.java:66)
at java.base/jdk.internal.reflect.NativeMethodAccessorImpl.invoke0(Native Method)
at java.base/jdk.internal.reflect.NativeMethodAccessorImpl.invoke(NativeMethodAccessorImpl.java:77)
at java.base/jdk.internal.reflect.DelegatingMethodAccessorImpl.invoke(DelegatingMethodAccessorImpl.java:43)
at java.base/java.lang.reflect.Method.invoke(Method.java:568)
at org.testng.internal.MethodInvocationHelper.invokeMethod(MethodInvocationHelper.java:124)
at org.testng.internal.Invoker.invokeMethod(Invoker.java:580)
at org.testng.internal.Invoker.invokeTestMethod(Invoker.java:716)
at org.testng.internal.Invoker.invokeTestMethods(Invoker.java:988)
at org.testng.internal.TestMethodWorker.invokeTestMethods(TestMethodWorker.java:125)
at org.testng.internal.TestMethodWorker.run(TestMethodWorker.java:109)
at org.testng.TestRunner.privateRun(TestRunner.java:648)
at org.testng.TestRunner.run(TestRunner.java:505)
at org.testng.SuiteRunner.runTest(SuiteRunner.java:455)
at org.testng.SuiteRunner.runSequentially(SuiteRunner.java:450)
at org.testng.SuiteRunner.privateRun(SuiteRunner.java:415)
at org.testng.SuiteRunner.run(SuiteRunner.java:364)
at org.testng.SuiteRunnerWorker.runSuite(SuiteRunnerWorker.java:52)
at org.testng.SuiteRunnerWorker.run(SuiteRunnerWorker.java:84)
at org.testng.TestNG.runSuitesSequentially(TestNG.java:1208)
at org.testng.TestNG.runSuitesLocally(TestNG.java:1137)
at org.testng.TestNG.runSuites(TestNG.java:1049)
at org.testng.TestNG.run(TestNG.java:1017)
at org.testng.remote.AbstractRemoteTestNG.run(AbstractRemoteTestNG.java:115)
at org.testng.remote.RemoteTestNG.initAndRun(RemoteTestNG.java:251)
at org.testng.remote.RemoteTestNG.main(RemoteTestNG.java:77)
]]>
            </full-stacktrace>
          </exception> <!-- java.lang.AssertionError -->
          <reporter-output>
          </reporter-output>
        </test-method> <!-- browserLaunch -->
        <test-method is-config="true" signature="snapShort()[pri:0, instance:com.moodleBrowser.MoodleCompatibility@b4711e2]" started-at="2024-03-22T11:24:22Z" name="snapShort" finished-at="2024-03-22T11:24:22Z" duration-ms="225" status="PASS">
          <reporter-output>
          </reporter-output>
        </test-method> <!-- snapShort -->
        <test-method is-config="true" signature="close()[pri:0, instance:com.moodleBrowser.MoodleCompatibility@b4711e2]" started-at="2024-03-22T11:24:22Z" name="close" finished-at="2024-03-22T11:24:23Z" duration-ms="153" status="PASS">
          <reporter-output>
          </reporter-output>
        </test-method> <!-- close -->
      </class> <!-- com.moodleBrowser.MoodleCompatibility -->
    </test> <!-- edgeTest -->
  </suite> <!-- Suite -->
</testng-results>
